{
  "stats": {
    "suites": 10,
    "tests": 8,
    "passes": 4,
    "pending": 0,
    "failures": 4,
    "start": "2024-05-26T22:18:12.994Z",
    "end": "2024-05-26T22:18:17.655Z",
    "duration": 4661,
    "testsRegistered": 8,
    "passPercent": 50,
    "pendingPercent": 0,
    "other": 0,
    "hasOther": false,
    "skipped": 0,
    "hasSkipped": false
  },
  "results": [
    {
      "uuid": "c8e8c1f0-4f4e-48d3-bf42-f423edaae354",
      "title": "",
      "fullFile": "",
      "file": "",
      "beforeHooks": [],
      "afterHooks": [],
      "tests": [],
      "suites": [
        {
          "uuid": "c2ddd5e4-91a7-4e12-86ee-4efbabe02a16",
          "title": "Positive Test",
          "fullFile": "C:\\Users\\LENOVO\\Desktop\\pretest-qa\\testing-api\\test\\users.js",
          "file": "\\test\\users.js",
          "beforeHooks": [],
          "afterHooks": [],
          "tests": [],
          "suites": [
            {
              "uuid": "71363266-5985-4777-af6d-aa01238703af",
              "title": "POST",
              "fullFile": "C:\\Users\\LENOVO\\Desktop\\pretest-qa\\testing-api\\test\\users.js",
              "file": "\\test\\users.js",
              "beforeHooks": [],
              "afterHooks": [],
              "tests": [
                {
                  "title": "/users",
                  "fullTitle": "Positive Test POST /users",
                  "timedOut": false,
                  "duration": 519,
                  "state": "passed",
                  "speed": "slow",
                  "pass": true,
                  "fail": false,
                  "pending": false,
                  "context": null,
                  "code": "const data = {\n    email: `test${Math.floor(Math.random() * 9999)}@gmail.com`,\n    name: 'test1',\n    gender: 'male',\n    status: 'active',\n};\nreturn request\n    .post('users')\n    .set('Authorization',`Bearer ${TOKEN}`)\n    .send(data)\n    .then((res)=>{\n        console.log(res.body);\n        //Verify data yang di-Post sama dengan data yang dikirm\n        expect(res.body.data).to.deep.include(data);\n        //Set userId dengan id user yang sudah dibuat\n        userId = res.body.data.id;\n    });",
                  "err": {},
                  "uuid": "7d0aad6c-f874-4c5c-819f-77ddfda043d6",
                  "parentUUID": "71363266-5985-4777-af6d-aa01238703af",
                  "isHook": false,
                  "skipped": false
                }
              ],
              "suites": [],
              "passes": [
                "7d0aad6c-f874-4c5c-819f-77ddfda043d6"
              ],
              "failures": [],
              "pending": [],
              "skipped": [],
              "duration": 519,
              "root": false,
              "rootEmpty": false,
              "_timeout": 5000
            },
            {
              "uuid": "a350e7ea-899d-43ab-a17a-fd903c02a1b6",
              "title": "GET",
              "fullFile": "C:\\Users\\LENOVO\\Desktop\\pretest-qa\\testing-api\\test\\users.js",
              "file": "\\test\\users.js",
              "beforeHooks": [],
              "afterHooks": [],
              "tests": [
                {
                  "title": "GET /users/:id",
                  "fullTitle": "Positive Test GET GET /users/:id",
                  "timedOut": false,
                  "duration": 594,
                  "state": "passed",
                  "speed": "slow",
                  "pass": true,
                  "fail": false,
                  "pending": false,
                  "context": null,
                  "code": "return request.get(`users/${userId}?access-token=${TOKEN}`).then((res) => {\n//Verify id yg dicari sama dengan id yang diinput\nexpect(res.body.data.id).to.be.eq(userId);\n});",
                  "err": {},
                  "uuid": "d33bcfff-57ff-42d7-a36f-1da450309e52",
                  "parentUUID": "a350e7ea-899d-43ab-a17a-fd903c02a1b6",
                  "isHook": false,
                  "skipped": false
                }
              ],
              "suites": [],
              "passes": [
                "d33bcfff-57ff-42d7-a36f-1da450309e52"
              ],
              "failures": [],
              "pending": [],
              "skipped": [],
              "duration": 594,
              "root": false,
              "rootEmpty": false,
              "_timeout": 5000
            },
            {
              "uuid": "2e9c551a-df6f-4afa-8672-d2ddaaaadf6d",
              "title": "PUT",
              "fullFile": "C:\\Users\\LENOVO\\Desktop\\pretest-qa\\testing-api\\test\\users.js",
              "file": "\\test\\users.js",
              "beforeHooks": [],
              "afterHooks": [],
              "tests": [
                {
                  "title": "/users/:id",
                  "fullTitle": "Positive Test PUT /users/:id",
                  "timedOut": false,
                  "duration": 704,
                  "state": "passed",
                  "speed": "slow",
                  "pass": true,
                  "fail": false,
                  "pending": false,
                  "context": null,
                  "code": "const data = {\nname: `test${Math.floor(Math.random() * 9999)}`,\n};\n        \nreturn request\n.put(`users/${userId}`)\n.set('Authorization', `Bearer ${TOKEN}`)\n.send(data)\n.then((res) => {\n    console.log(res.body);\n    //Verify data yang di-update sama dengan data yg dikirim\n    expect(res.body.data).to.deep.include(data);\n});",
                  "err": {},
                  "uuid": "75073636-49f4-4756-b18c-474aad257bf9",
                  "parentUUID": "2e9c551a-df6f-4afa-8672-d2ddaaaadf6d",
                  "isHook": false,
                  "skipped": false
                }
              ],
              "suites": [],
              "passes": [
                "75073636-49f4-4756-b18c-474aad257bf9"
              ],
              "failures": [],
              "pending": [],
              "skipped": [],
              "duration": 704,
              "root": false,
              "rootEmpty": false,
              "_timeout": 5000
            },
            {
              "uuid": "9bf5f829-60fc-4731-a58f-3349747d3f29",
              "title": "DELETE",
              "fullFile": "C:\\Users\\LENOVO\\Desktop\\pretest-qa\\testing-api\\test\\users.js",
              "file": "\\test\\users.js",
              "beforeHooks": [],
              "afterHooks": [],
              "tests": [
                {
                  "title": "/users/:id",
                  "fullTitle": "Positive Test DELETE /users/:id",
                  "timedOut": false,
                  "duration": 913,
                  "state": "passed",
                  "speed": "slow",
                  "pass": true,
                  "fail": false,
                  "pending": false,
                  "context": null,
                  "code": "return request\n.delete(`users/${userId}`)\n.set('Authorization', `Bearer ${TOKEN}`)\n.then((res) => {\n    console.log(res.body);\n    //Verify data yang dicari by Id tadi sudah terhapus\n    expect(res.body.data).to.be.eq(null);\n});",
                  "err": {},
                  "uuid": "72de271c-9b31-491b-92e4-f94b5c3aa8f5",
                  "parentUUID": "9bf5f829-60fc-4731-a58f-3349747d3f29",
                  "isHook": false,
                  "skipped": false
                }
              ],
              "suites": [],
              "passes": [
                "72de271c-9b31-491b-92e4-f94b5c3aa8f5"
              ],
              "failures": [],
              "pending": [],
              "skipped": [],
              "duration": 913,
              "root": false,
              "rootEmpty": false,
              "_timeout": 5000
            }
          ],
          "passes": [],
          "failures": [],
          "pending": [],
          "skipped": [],
          "duration": 0,
          "root": false,
          "rootEmpty": false,
          "_timeout": 5000
        },
        {
          "uuid": "a7cdfe34-c17b-43d2-835b-f1a3c01252d2",
          "title": "Negative Test",
          "fullFile": "C:\\Users\\LENOVO\\Desktop\\pretest-qa\\testing-api\\test\\users.js",
          "file": "\\test\\users.js",
          "beforeHooks": [],
          "afterHooks": [],
          "tests": [],
          "suites": [
            {
              "uuid": "d2cd6773-3738-441e-9c17-4b1adb17e681",
              "title": "POST",
              "fullFile": "C:\\Users\\LENOVO\\Desktop\\pretest-qa\\testing-api\\test\\users.js",
              "file": "\\test\\users.js",
              "beforeHooks": [],
              "afterHooks": [],
              "tests": [
                {
                  "title": "/users",
                  "fullTitle": "Negative Test POST /users",
                  "timedOut": false,
                  "duration": 603,
                  "state": "failed",
                  "speed": null,
                  "pass": false,
                  "fail": true,
                  "pending": false,
                  "context": null,
                  "code": "const data = {\n    email: '',\n    name: 'test1',\n    gender: 'male',\n    status: 'active',\n};\nreturn request\n    .post('users')\n    .set('Authorization',`Bearer ${TOKEN}`)\n    .send(data)\n    .then((res)=>{\n        console.log(res.body);\n        expect(res.body.data).to.deep.include(data);\n        userId = res.body.data.id;\n    });",
                  "err": {
                    "message": "AssertionError: expected [ { field: 'email', …(1) } ] to deep include { email: '', name: 'test1', …(2) }",
                    "estack": "AssertionError: expected [ { field: 'email', …(1) } ] to deep include { email: '', name: 'test1', …(2) }\n    at file:///C:/Users/LENOVO/Desktop/pretest-qa/testing-api/test/users.js:102:51\n    at process.processTicksAndRejections (node:internal/process/task_queues:95:5)",
                    "diff": null
                  },
                  "uuid": "7c7c295d-724e-4ed2-a191-465e256f360a",
                  "parentUUID": "d2cd6773-3738-441e-9c17-4b1adb17e681",
                  "isHook": false,
                  "skipped": false
                }
              ],
              "suites": [],
              "passes": [],
              "failures": [
                "7c7c295d-724e-4ed2-a191-465e256f360a"
              ],
              "pending": [],
              "skipped": [],
              "duration": 603,
              "root": false,
              "rootEmpty": false,
              "_timeout": 5000
            },
            {
              "uuid": "1b80ef2a-6bff-4ef3-9524-1860f75fa526",
              "title": "GET",
              "fullFile": "C:\\Users\\LENOVO\\Desktop\\pretest-qa\\testing-api\\test\\users.js",
              "file": "\\test\\users.js",
              "beforeHooks": [],
              "afterHooks": [],
              "tests": [
                {
                  "title": "GET /users/:id",
                  "fullTitle": "Negative Test GET GET /users/:id",
                  "timedOut": false,
                  "duration": 610,
                  "state": "failed",
                  "speed": null,
                  "pass": false,
                  "fail": true,
                  "pending": false,
                  "context": null,
                  "code": "return request.get(`users/${userId}?access-token=${TOKEN}`).then((res) => {\nexpect(res.body.data.id).to.be.eq(userId);\nconsole.log(res.body.data.id);\n});",
                  "err": {
                    "message": "AssertionError: expected undefined to equal null",
                    "estack": "AssertionError: expected undefined to equal null\n    at file:///C:/Users/LENOVO/Desktop/pretest-qa/testing-api/test/users.js:115:44\n    at process.processTicksAndRejections (node:internal/process/task_queues:95:5)",
                    "diff": null
                  },
                  "uuid": "6398f51c-37db-4015-97b2-83a244f602a9",
                  "parentUUID": "1b80ef2a-6bff-4ef3-9524-1860f75fa526",
                  "isHook": false,
                  "skipped": false
                }
              ],
              "suites": [],
              "passes": [],
              "failures": [
                "6398f51c-37db-4015-97b2-83a244f602a9"
              ],
              "pending": [],
              "skipped": [],
              "duration": 610,
              "root": false,
              "rootEmpty": false,
              "_timeout": 5000
            },
            {
              "uuid": "4559aa99-11c1-4c5d-83e3-e0d077919cae",
              "title": "PUT",
              "fullFile": "C:\\Users\\LENOVO\\Desktop\\pretest-qa\\testing-api\\test\\users.js",
              "file": "\\test\\users.js",
              "beforeHooks": [],
              "afterHooks": [],
              "tests": [
                {
                  "title": "/users/:id",
                  "fullTitle": "Negative Test PUT /users/:id",
                  "timedOut": false,
                  "duration": 325,
                  "state": "failed",
                  "speed": null,
                  "pass": false,
                  "fail": true,
                  "pending": false,
                  "context": null,
                  "code": "const data = {\nname: `test${Math.floor(Math.random() * 9999)}`,\n};\n        \nreturn request\n.put(`users/${userId}`)\n.set('Authorization', `Bearer ${TOKEN}`)\n.send(data)\n.then((res) => {\n    console.log(res.body);\n    expect(res.body.data).to.deep.include(data);\n});",
                  "err": {
                    "message": "AssertionError: expected { message: 'Resource not found' } to have deep property 'name'",
                    "estack": "AssertionError: expected { message: 'Resource not found' } to have deep property 'name'\n    at file:///C:/Users/LENOVO/Desktop/pretest-qa/testing-api/test/users.js:134:47\n    at process.processTicksAndRejections (node:internal/process/task_queues:95:5)",
                    "diff": null
                  },
                  "uuid": "ed5afb43-72c6-46d9-a1a2-135f410854a0",
                  "parentUUID": "4559aa99-11c1-4c5d-83e3-e0d077919cae",
                  "isHook": false,
                  "skipped": false
                }
              ],
              "suites": [],
              "passes": [],
              "failures": [
                "ed5afb43-72c6-46d9-a1a2-135f410854a0"
              ],
              "pending": [],
              "skipped": [],
              "duration": 325,
              "root": false,
              "rootEmpty": false,
              "_timeout": 5000
            },
            {
              "uuid": "ad2741e5-4476-47b0-9d7c-0740e2688579",
              "title": "DELETE",
              "fullFile": "C:\\Users\\LENOVO\\Desktop\\pretest-qa\\testing-api\\test\\users.js",
              "file": "\\test\\users.js",
              "beforeHooks": [],
              "afterHooks": [],
              "tests": [
                {
                  "title": "/users/:id",
                  "fullTitle": "Negative Test DELETE /users/:id",
                  "timedOut": false,
                  "duration": 340,
                  "state": "failed",
                  "speed": null,
                  "pass": false,
                  "fail": true,
                  "pending": false,
                  "context": null,
                  "code": "return request\n.delete(`users/${userId}`)\n.set('Authorization', `Bearer ${TOKEN}`)\n.then((res) => {\n    console.log(res.body);\n    expect(res.body.data).to.be.eq(null);\n});",
                  "err": {
                    "message": "AssertionError: expected { message: 'Resource not found' } to equal null",
                    "estack": "AssertionError: expected { message: 'Resource not found' } to equal null\n    at file:///C:/Users/LENOVO/Desktop/pretest-qa/testing-api/test/users.js:147:45\n    at process.processTicksAndRejections (node:internal/process/task_queues:95:5)",
                    "diff": null
                  },
                  "uuid": "98314ac9-5f5f-44e1-a81d-661ba8960e63",
                  "parentUUID": "ad2741e5-4476-47b0-9d7c-0740e2688579",
                  "isHook": false,
                  "skipped": false
                }
              ],
              "suites": [],
              "passes": [],
              "failures": [
                "98314ac9-5f5f-44e1-a81d-661ba8960e63"
              ],
              "pending": [],
              "skipped": [],
              "duration": 340,
              "root": false,
              "rootEmpty": false,
              "_timeout": 5000
            }
          ],
          "passes": [],
          "failures": [],
          "pending": [],
          "skipped": [],
          "duration": 0,
          "root": false,
          "rootEmpty": false,
          "_timeout": 5000
        }
      ],
      "passes": [],
      "failures": [],
      "pending": [],
      "skipped": [],
      "duration": 0,
      "root": true,
      "rootEmpty": true,
      "_timeout": 5000
    }
  ],
  "meta": {
    "mocha": {
      "version": "10.4.0"
    },
    "mochawesome": {
      "options": {
        "quiet": false,
        "reportFilename": "mochawesome",
        "saveHtml": true,
        "saveJson": true,
        "consoleReporter": "spec",
        "useInlineDiffs": false,
        "code": true
      },
      "version": "7.1.3"
    },
    "marge": {
      "options": null,
      "version": "6.2.0"
    }
  }
}