{
  "stats": {
    "suites": 10,
    "tests": 8,
    "passes": 4,
    "pending": 0,
    "failures": 4,
    "start": "2024-05-29T07:18:24.926Z",
    "end": "2024-05-29T07:18:28.287Z",
    "duration": 3361,
    "testsRegistered": 8,
    "passPercent": 50,
    "pendingPercent": 0,
    "other": 0,
    "hasOther": false,
    "skipped": 0,
    "hasSkipped": false
  },
  "results": [
    {
      "uuid": "3540734d-799a-4233-a98a-9f25732d21eb",
      "title": "",
      "fullFile": "",
      "file": "",
      "beforeHooks": [],
      "afterHooks": [],
      "tests": [],
      "suites": [
        {
          "uuid": "ec21214c-e05b-445b-8c3c-b61a428b2cf5",
          "title": "Positive Test",
          "fullFile": "C:\\Users\\LENOVO\\Desktop\\pretest-qa\\testing-api\\test\\users.js",
          "file": "\\test\\users.js",
          "beforeHooks": [],
          "afterHooks": [],
          "tests": [],
          "suites": [
            {
              "uuid": "6ac7d0ed-3546-4b59-b635-6abf88794330",
              "title": "POST",
              "fullFile": "C:\\Users\\LENOVO\\Desktop\\pretest-qa\\testing-api\\test\\users.js",
              "file": "\\test\\users.js",
              "beforeHooks": [],
              "afterHooks": [],
              "tests": [
                {
                  "title": "/users",
                  "fullTitle": "Positive Test POST /users",
                  "timedOut": false,
                  "duration": 545,
                  "state": "passed",
                  "speed": "slow",
                  "pass": true,
                  "fail": false,
                  "pending": false,
                  "context": null,
                  "code": "const data = {\n    email: `test${Math.floor(Math.random() * 9999)}@gmail.com`,\n    name: 'test1',\n    gender: 'male',\n    status: 'active',\n};\nreturn request\n    .post('users')\n    .set('Authorization',`Bearer ${TOKEN}`)\n    .send(data)\n    .then((res)=>{\n        console.log(res.body);\n        //Verify data yang di-Post sama dengan data yang dikirm\n        expect(res.body.data).to.deep.include(data);\n        //Set userId dengan id user yang sudah dibuat\n        userId = res.body.data.id;\n    });",
                  "err": {},
                  "uuid": "89646e9c-a2d6-4d37-a580-4e5073e30281",
                  "parentUUID": "6ac7d0ed-3546-4b59-b635-6abf88794330",
                  "isHook": false,
                  "skipped": false
                }
              ],
              "suites": [],
              "passes": [
                "89646e9c-a2d6-4d37-a580-4e5073e30281"
              ],
              "failures": [],
              "pending": [],
              "skipped": [],
              "duration": 545,
              "root": false,
              "rootEmpty": false,
              "_timeout": 5000
            },
            {
              "uuid": "f94309ce-5888-4a3a-8196-8ed60cf28274",
              "title": "GET",
              "fullFile": "C:\\Users\\LENOVO\\Desktop\\pretest-qa\\testing-api\\test\\users.js",
              "file": "\\test\\users.js",
              "beforeHooks": [],
              "afterHooks": [],
              "tests": [
                {
                  "title": "GET /users/:id",
                  "fullTitle": "Positive Test GET GET /users/:id",
                  "timedOut": false,
                  "duration": 192,
                  "state": "passed",
                  "speed": "slow",
                  "pass": true,
                  "fail": false,
                  "pending": false,
                  "context": null,
                  "code": "return request.get(`users/${userId}?access-token=${TOKEN}`).then((res) => {\n//Verify id yg dicari sama dengan id yang diinput\nexpect(res.body.data.id).to.be.eq(userId);\n});",
                  "err": {},
                  "uuid": "2c2fa162-fd66-4db1-b6a5-e081568485b4",
                  "parentUUID": "f94309ce-5888-4a3a-8196-8ed60cf28274",
                  "isHook": false,
                  "skipped": false
                }
              ],
              "suites": [],
              "passes": [
                "2c2fa162-fd66-4db1-b6a5-e081568485b4"
              ],
              "failures": [],
              "pending": [],
              "skipped": [],
              "duration": 192,
              "root": false,
              "rootEmpty": false,
              "_timeout": 5000
            },
            {
              "uuid": "84bf8f9d-789f-4110-bbdd-1ee0ef1873bb",
              "title": "PUT",
              "fullFile": "C:\\Users\\LENOVO\\Desktop\\pretest-qa\\testing-api\\test\\users.js",
              "file": "\\test\\users.js",
              "beforeHooks": [],
              "afterHooks": [],
              "tests": [
                {
                  "title": "/users/:id",
                  "fullTitle": "Positive Test PUT /users/:id",
                  "timedOut": false,
                  "duration": 461,
                  "state": "passed",
                  "speed": "slow",
                  "pass": true,
                  "fail": false,
                  "pending": false,
                  "context": null,
                  "code": "const data = {\nname: `test${Math.floor(Math.random() * 9999)}`,\n};\n        \nreturn request\n.put(`users/${userId}`)\n.set('Authorization', `Bearer ${TOKEN}`)\n.send(data)\n.then((res) => {\n    console.log(res.body);\n    //Verify data yang di-update sama dengan data yg dikirim\n    expect(res.body.data).to.deep.include(data);\n});",
                  "err": {},
                  "uuid": "c935175c-0b99-4427-a893-02e0254f3f9e",
                  "parentUUID": "84bf8f9d-789f-4110-bbdd-1ee0ef1873bb",
                  "isHook": false,
                  "skipped": false
                }
              ],
              "suites": [],
              "passes": [
                "c935175c-0b99-4427-a893-02e0254f3f9e"
              ],
              "failures": [],
              "pending": [],
              "skipped": [],
              "duration": 461,
              "root": false,
              "rootEmpty": false,
              "_timeout": 5000
            },
            {
              "uuid": "12f74fda-ef72-46c2-b6f1-9e083a4dcc2e",
              "title": "DELETE",
              "fullFile": "C:\\Users\\LENOVO\\Desktop\\pretest-qa\\testing-api\\test\\users.js",
              "file": "\\test\\users.js",
              "beforeHooks": [],
              "afterHooks": [],
              "tests": [
                {
                  "title": "/users/:id",
                  "fullTitle": "Positive Test DELETE /users/:id",
                  "timedOut": false,
                  "duration": 567,
                  "state": "passed",
                  "speed": "slow",
                  "pass": true,
                  "fail": false,
                  "pending": false,
                  "context": null,
                  "code": "return request\n.delete(`users/${userId}`)\n.set('Authorization', `Bearer ${TOKEN}`)\n.then((res) => {\n    console.log(res.body);\n    //Verify data yang dicari by Id tadi sudah terhapus\n    expect(res.body.data).to.be.eq(null);\n});",
                  "err": {},
                  "uuid": "008da34f-22eb-487d-ae52-22c232a53070",
                  "parentUUID": "12f74fda-ef72-46c2-b6f1-9e083a4dcc2e",
                  "isHook": false,
                  "skipped": false
                }
              ],
              "suites": [],
              "passes": [
                "008da34f-22eb-487d-ae52-22c232a53070"
              ],
              "failures": [],
              "pending": [],
              "skipped": [],
              "duration": 567,
              "root": false,
              "rootEmpty": false,
              "_timeout": 5000
            }
          ],
          "passes": [],
          "failures": [],
          "pending": [],
          "skipped": [],
          "duration": 0,
          "root": false,
          "rootEmpty": false,
          "_timeout": 5000
        },
        {
          "uuid": "2f78e329-d0df-4e76-8595-3077f128dda0",
          "title": "Negative Test",
          "fullFile": "C:\\Users\\LENOVO\\Desktop\\pretest-qa\\testing-api\\test\\users.js",
          "file": "\\test\\users.js",
          "beforeHooks": [],
          "afterHooks": [],
          "tests": [],
          "suites": [
            {
              "uuid": "72fa39e9-92bf-4a30-8926-299b3b899803",
              "title": "POST",
              "fullFile": "C:\\Users\\LENOVO\\Desktop\\pretest-qa\\testing-api\\test\\users.js",
              "file": "\\test\\users.js",
              "beforeHooks": [],
              "afterHooks": [],
              "tests": [
                {
                  "title": "/users",
                  "fullTitle": "Negative Test POST /users",
                  "timedOut": false,
                  "duration": 632,
                  "state": "failed",
                  "speed": null,
                  "pass": false,
                  "fail": true,
                  "pending": false,
                  "context": null,
                  "code": "const data = {\n    email: '',\n    name: 'test1',\n    gender: 'male',\n    status: 'active',\n};\nreturn request\n    .post('users')\n    .set('Authorization',`Bearer ${TOKEN}`)\n    .send(data)\n    .then((res)=>{\n        console.log(res.body);\n        expect(res.body.data).to.deep.include(data);\n        userId = res.body.data.id;\n    });",
                  "err": {
                    "message": "AssertionError: expected [ { field: 'email', …(1) } ] to deep include { email: '', name: 'test1', …(2) }",
                    "estack": "AssertionError: expected [ { field: 'email', …(1) } ] to deep include { email: '', name: 'test1', …(2) }\n    at file:///C:/Users/LENOVO/Desktop/pretest-qa/testing-api/test/users.js:102:51\n    at process.processTicksAndRejections (node:internal/process/task_queues:95:5)",
                    "diff": null
                  },
                  "uuid": "a11255fe-e046-43ee-85d1-bb3c8de92aff",
                  "parentUUID": "72fa39e9-92bf-4a30-8926-299b3b899803",
                  "isHook": false,
                  "skipped": false
                }
              ],
              "suites": [],
              "passes": [],
              "failures": [
                "a11255fe-e046-43ee-85d1-bb3c8de92aff"
              ],
              "pending": [],
              "skipped": [],
              "duration": 632,
              "root": false,
              "rootEmpty": false,
              "_timeout": 5000
            },
            {
              "uuid": "35c50b0b-3885-41f8-9fca-5bb94403bfbf",
              "title": "GET",
              "fullFile": "C:\\Users\\LENOVO\\Desktop\\pretest-qa\\testing-api\\test\\users.js",
              "file": "\\test\\users.js",
              "beforeHooks": [],
              "afterHooks": [],
              "tests": [
                {
                  "title": "GET /users/:id",
                  "fullTitle": "Negative Test GET GET /users/:id",
                  "timedOut": false,
                  "duration": 317,
                  "state": "failed",
                  "speed": null,
                  "pass": false,
                  "fail": true,
                  "pending": false,
                  "context": null,
                  "code": "return request.get(`users/${userId}?access-token=${TOKEN}`).then((res) => {\nexpect(res.body.data.id).to.be.eq(userId);\nconsole.log(res.body.data.id);\n});",
                  "err": {
                    "message": "AssertionError: expected undefined to equal null",
                    "estack": "AssertionError: expected undefined to equal null\n    at file:///C:/Users/LENOVO/Desktop/pretest-qa/testing-api/test/users.js:115:44\n    at process.processTicksAndRejections (node:internal/process/task_queues:95:5)",
                    "diff": null
                  },
                  "uuid": "0ef424c1-d180-4724-99d0-fbbb7ae5860e",
                  "parentUUID": "35c50b0b-3885-41f8-9fca-5bb94403bfbf",
                  "isHook": false,
                  "skipped": false
                }
              ],
              "suites": [],
              "passes": [],
              "failures": [
                "0ef424c1-d180-4724-99d0-fbbb7ae5860e"
              ],
              "pending": [],
              "skipped": [],
              "duration": 317,
              "root": false,
              "rootEmpty": false,
              "_timeout": 5000
            },
            {
              "uuid": "70bfab0a-fcd7-40fe-b4fb-3108d0aa8a65",
              "title": "PUT",
              "fullFile": "C:\\Users\\LENOVO\\Desktop\\pretest-qa\\testing-api\\test\\users.js",
              "file": "\\test\\users.js",
              "beforeHooks": [],
              "afterHooks": [],
              "tests": [
                {
                  "title": "/users/:id",
                  "fullTitle": "Negative Test PUT /users/:id",
                  "timedOut": false,
                  "duration": 310,
                  "state": "failed",
                  "speed": null,
                  "pass": false,
                  "fail": true,
                  "pending": false,
                  "context": null,
                  "code": "const data = {\nname: `test${Math.floor(Math.random() * 9999)}`,\n};\n        \nreturn request\n.put(`users/${userId}`)\n.set('Authorization', `Bearer ${TOKEN}`)\n.send(data)\n.then((res) => {\n    console.log(res.body);\n    expect(res.body.data).to.deep.include(data);\n});",
                  "err": {
                    "message": "AssertionError: expected { message: 'Resource not found' } to have deep property 'name'",
                    "estack": "AssertionError: expected { message: 'Resource not found' } to have deep property 'name'\n    at file:///C:/Users/LENOVO/Desktop/pretest-qa/testing-api/test/users.js:134:47\n    at process.processTicksAndRejections (node:internal/process/task_queues:95:5)",
                    "diff": null
                  },
                  "uuid": "5c37184b-2858-4081-9937-11a93c6ea26f",
                  "parentUUID": "70bfab0a-fcd7-40fe-b4fb-3108d0aa8a65",
                  "isHook": false,
                  "skipped": false
                }
              ],
              "suites": [],
              "passes": [],
              "failures": [
                "5c37184b-2858-4081-9937-11a93c6ea26f"
              ],
              "pending": [],
              "skipped": [],
              "duration": 310,
              "root": false,
              "rootEmpty": false,
              "_timeout": 5000
            },
            {
              "uuid": "cbeece4a-6776-4511-a0ba-a11f07ae94a5",
              "title": "DELETE",
              "fullFile": "C:\\Users\\LENOVO\\Desktop\\pretest-qa\\testing-api\\test\\users.js",
              "file": "\\test\\users.js",
              "beforeHooks": [],
              "afterHooks": [],
              "tests": [
                {
                  "title": "/users/:id",
                  "fullTitle": "Negative Test DELETE /users/:id",
                  "timedOut": false,
                  "duration": 306,
                  "state": "failed",
                  "speed": null,
                  "pass": false,
                  "fail": true,
                  "pending": false,
                  "context": null,
                  "code": "return request\n.delete(`users/${userId}`)\n.set('Authorization', `Bearer ${TOKEN}`)\n.then((res) => {\n    console.log(res.body);\n    expect(res.body.data).to.be.eq(null);\n});",
                  "err": {
                    "message": "AssertionError: expected { message: 'Resource not found' } to equal null",
                    "estack": "AssertionError: expected { message: 'Resource not found' } to equal null\n    at file:///C:/Users/LENOVO/Desktop/pretest-qa/testing-api/test/users.js:147:45\n    at process.processTicksAndRejections (node:internal/process/task_queues:95:5)",
                    "diff": null
                  },
                  "uuid": "abaa0d97-754c-472f-a28b-70953b712987",
                  "parentUUID": "cbeece4a-6776-4511-a0ba-a11f07ae94a5",
                  "isHook": false,
                  "skipped": false
                }
              ],
              "suites": [],
              "passes": [],
              "failures": [
                "abaa0d97-754c-472f-a28b-70953b712987"
              ],
              "pending": [],
              "skipped": [],
              "duration": 306,
              "root": false,
              "rootEmpty": false,
              "_timeout": 5000
            }
          ],
          "passes": [],
          "failures": [],
          "pending": [],
          "skipped": [],
          "duration": 0,
          "root": false,
          "rootEmpty": false,
          "_timeout": 5000
        }
      ],
      "passes": [],
      "failures": [],
      "pending": [],
      "skipped": [],
      "duration": 0,
      "root": true,
      "rootEmpty": true,
      "_timeout": 5000
    }
  ],
  "meta": {
    "mocha": {
      "version": "10.4.0"
    },
    "mochawesome": {
      "options": {
        "quiet": false,
        "reportFilename": "mochawesome",
        "saveHtml": true,
        "saveJson": true,
        "consoleReporter": "spec",
        "useInlineDiffs": false,
        "code": true
      },
      "version": "7.1.3"
    },
    "marge": {
      "options": null,
      "version": "6.2.0"
    }
  }
}